SLURM_JOB_ID: 58222805
SLURM_JOB_USER: vsc37479
SLURM_JOB_ACCOUNT: lp_h_ds_students
SLURM_JOB_NAME: tree.slurm
SLURM_CLUSTER_NAME: genius
SLURM_JOB_PARTITION: batch
SLURM_NNODES: 1
SLURM_NODELIST: r27i13n01
SLURM_JOB_CPUS_PER_NODE: 1
Date: Wed Jun 11 11:33:16 CEST 2025
Walltime: 00-00:40:00
========================================================================
Loaded 58110 words
Insert times (ms):
best case: {100: 1.5833095, 500: 1.5073596, 1000: 3.1351633, 2000: 6.5601736, 5000: 20.6054945, 10000: 39.6114148, 50000: 205.606445}
average case: {100: 0.4257003, 500: 2.0292153, 1000: 5.5011445, 2000: 9.5018219, 5000: 24.7506525, 10000: 48.2961645, 50000: 238.14320709999998}
worst case: {100: 0.2690634, 500: 1.6464434, 1000: 3.5089859, 2000: 9.195744300000001, 5000: 22.439703100000003, 10000: 46.2782155, 50000: 284.5660836}

Search times (ms):
best case: {100: 0.1888352, 500: 0.9799707, 1000: 2.1042003, 2000: 4.458713299999999, 5000: 11.608638800000001, 10000: 22.5010878, 50000: 112.1336907}
average case: {100: 0.1816825, 500: 0.9919185, 1000: 2.1352502, 2000: 4.5702161, 5000: 11.8710767, 10000: 24.8633043, 50000: 137.90378330000001}
worst case: {100: 0.1827154, 500: 1.1336613999999998, 1000: 2.3677861, 2000: 5.2726162, 5000: 14.9638395, 10000: 30.3163988, 50000: 190.8198563}

real	0m18.128s
user	0m17.121s
sys	0m0.288s
