SLURM_JOB_ID: 58225562
SLURM_JOB_USER: vsc37479
SLURM_JOB_ACCOUNT: lp_h_ds_students
SLURM_JOB_NAME: Job_Script_Btree.slurm
SLURM_CLUSTER_NAME: genius
SLURM_JOB_PARTITION: batch
SLURM_NNODES: 1
SLURM_NODELIST: r26i27n01
SLURM_JOB_CPUS_PER_NODE: 1
Date: Thu Jun 12 14:08:37 CEST 2025
Walltime: 00-10:00:00
========================================================================
Loaded 58110 words
Insert times (ms):
best case: {100: 0.15846939999999998, 500: 0.9212731999999999, 1000: 1.758083, 2000: 3.2986476000000002, 5000: 8.3091805, 10000: 17.7383769, 50000: 92.78995540000001}
average case: {100: 0.08717280000000001, 500: 0.6023665, 1000: 1.3803609, 2000: 3.0731269, 5000: 8.7735791, 10000: 20.6352128, 50000: 130.7967502}
worst case: {100: 0.5501119, 500: 15.859589, 1000: 66.5440318, 2000: 272.7452692, 5000: 1773.6594674, 10000: 7338.9393019, 50000: 184285.0206918}

Search times (ms):
best case: {100: 0.1307893, 500: 0.6821221, 1000: 1.3752381999999999, 2000: 2.765606, 5000: 6.934768900000001, 10000: 13.916450300000001, 50000: 69.5889916}
average case: {100: 0.0701508, 500: 0.5054254, 1000: 1.1619202, 2000: 2.5938198999999997, 5000: 7.412851099999999, 10000: 16.2706795, 50000: 103.07179959999999}
worst case: {100: 0.44742709999999997, 500: 13.6864483, 1000: 58.0557374, 2000: 238.0122591, 5000: 1562.1481002, 10000: 6490.2441419, 50000: 166177.8932121}

real	64m40.870s
user	49m0.214s
sys	15m26.639s
